Watching for file changes with StatReloader
"GET /notebooks/c863cda6-a6d9-4f37-b438-ab8c9689e2c4/ HTTP/1.1" 302 0
"GET /accounts/login/?next=/notebooks/c863cda6-a6d9-4f37-b438-ab8c9689e2c4/ HTTP/1.1" 200 9596
"POST /accounts/login/?next=/notebooks/c863cda6-a6d9-4f37-b438-ab8c9689e2c4/ HTTP/1.1" 302 0
Internal Server Error: /
Traceback (most recent call last):
  File "/Users/naoki/Desktop/PG/stock_analysis/venv/lib/python3.13/site-packages/django/core/handlers/exception.py", line 55, in inner
    response = get_response(request)
  File "/Users/naoki/Desktop/PG/stock_analysis/venv/lib/python3.13/site-packages/django/core/handlers/base.py", line 197, in _get_response
    response = wrapped_callback(request, *callback_args, **callback_kwargs)
  File "/Users/naoki/Desktop/PG/stock_analysis/notebooks/views.py", line 78, in dashboard_view
    return render(request, 'notebooks/dashboard.html', context)
  File "/Users/naoki/Desktop/PG/stock_analysis/venv/lib/python3.13/site-packages/django/shortcuts.py", line 24, in render
    content = loader.render_to_string(template_name, context, request, using=using)
  File "/Users/naoki/Desktop/PG/stock_analysis/venv/lib/python3.13/site-packages/django/template/loader.py", line 62, in render_to_string
    return template.render(context, request)
           ~~~~~~~~~~~~~~~^^^^^^^^^^^^^^^^^^
  File "/Users/naoki/Desktop/PG/stock_analysis/venv/lib/python3.13/site-packages/django/template/backends/django.py", line 61, in render
    return self.template.render(context)
           ~~~~~~~~~~~~~~~~~~~~^^^^^^^^^
  File "/Users/naoki/Desktop/PG/stock_analysis/venv/lib/python3.13/site-packages/django/template/base.py", line 175, in render
    return self._render(context)
           ~~~~~~~~~~~~^^^^^^^^^
  File "/Users/naoki/Desktop/PG/stock_analysis/venv/lib/python3.13/site-packages/django/template/base.py", line 167, in _render
    return self.nodelist.render(context)
           ~~~~~~~~~~~~~~~~~~~~^^^^^^^^^
  File "/Users/naoki/Desktop/PG/stock_analysis/venv/lib/python3.13/site-packages/django/template/base.py", line 1005, in render
    return SafeString("".join([node.render_annotated(context) for node in self]))
                               ~~~~~~~~~~~~~~~~~~~~~^^^^^^^^^
  File "/Users/naoki/Desktop/PG/stock_analysis/venv/lib/python3.13/site-packages/django/template/base.py", line 966, in render_annotated
    return self.render(context)
           ~~~~~~~~~~~^^^^^^^^^
  File "/Users/naoki/Desktop/PG/stock_analysis/venv/lib/python3.13/site-packages/django/template/loader_tags.py", line 157, in render
    return compiled_parent._render(context)
           ~~~~~~~~~~~~~~~~~~~~~~~^^^^^^^^^
  File "/Users/naoki/Desktop/PG/stock_analysis/venv/lib/python3.13/site-packages/django/template/base.py", line 167, in _render
    return self.nodelist.render(context)
           ~~~~~~~~~~~~~~~~~~~~^^^^^^^^^
  File "/Users/naoki/Desktop/PG/stock_analysis/venv/lib/python3.13/site-packages/django/template/base.py", line 1005, in render
    return SafeString("".join([node.render_annotated(context) for node in self]))
                               ~~~~~~~~~~~~~~~~~~~~~^^^^^^^^^
  File "/Users/naoki/Desktop/PG/stock_analysis/venv/lib/python3.13/site-packages/django/template/base.py", line 966, in render_annotated
    return self.render(context)
           ~~~~~~~~~~~^^^^^^^^^
  File "/Users/naoki/Desktop/PG/stock_analysis/venv/lib/python3.13/site-packages/django/template/loader_tags.py", line 63, in render
    result = block.nodelist.render(context)
  File "/Users/naoki/Desktop/PG/stock_analysis/venv/lib/python3.13/site-packages/django/template/base.py", line 1005, in render
    return SafeString("".join([node.render_annotated(context) for node in self]))
                               ~~~~~~~~~~~~~~~~~~~~~^^^^^^^^^
  File "/Users/naoki/Desktop/PG/stock_analysis/venv/lib/python3.13/site-packages/django/template/base.py", line 966, in render_annotated
    return self.render(context)
           ~~~~~~~~~~~^^^^^^^^^
  File "/Users/naoki/Desktop/PG/stock_analysis/venv/lib/python3.13/site-packages/django/template/defaulttags.py", line 321, in render
    return nodelist.render(context)
           ~~~~~~~~~~~~~~~^^^^^^^^^
  File "/Users/naoki/Desktop/PG/stock_analysis/venv/lib/python3.13/site-packages/django/template/base.py", line 1005, in render
    return SafeString("".join([node.render_annotated(context) for node in self]))
                               ~~~~~~~~~~~~~~~~~~~~~^^^^^^^^^
  File "/Users/naoki/Desktop/PG/stock_analysis/venv/lib/python3.13/site-packages/django/template/base.py", line 966, in render_annotated
    return self.render(context)
           ~~~~~~~~~~~^^^^^^^^^
  File "/Users/naoki/Desktop/PG/stock_analysis/venv/lib/python3.13/site-packages/django/template/defaulttags.py", line 321, in render
    return nodelist.render(context)
           ~~~~~~~~~~~~~~~^^^^^^^^^
  File "/Users/naoki/Desktop/PG/stock_analysis/venv/lib/python3.13/site-packages/django/template/base.py", line 1005, in render
    return SafeString("".join([node.render_annotated(context) for node in self]))
                               ~~~~~~~~~~~~~~~~~~~~~^^^^^^^^^
  File "/Users/naoki/Desktop/PG/stock_analysis/venv/lib/python3.13/site-packages/django/template/base.py", line 966, in render_annotated
    return self.render(context)
           ~~~~~~~~~~~^^^^^^^^^
  File "/Users/naoki/Desktop/PG/stock_analysis/venv/lib/python3.13/site-packages/django/template/defaulttags.py", line 238, in render
    nodelist.append(node.render_annotated(context))
                    ~~~~~~~~~~~~~~~~~~~~~^^^^^^^^^
  File "/Users/naoki/Desktop/PG/stock_analysis/venv/lib/python3.13/site-packages/django/template/base.py", line 966, in render_annotated
    return self.render(context)
           ~~~~~~~~~~~^^^^^^^^^
  File "/Users/naoki/Desktop/PG/stock_analysis/venv/lib/python3.13/site-packages/django/template/defaulttags.py", line 471, in render
    url = reverse(view_name, args=args, kwargs=kwargs, current_app=current_app)
  File "/Users/naoki/Desktop/PG/stock_analysis/venv/lib/python3.13/site-packages/django/urls/base.py", line 88, in reverse
    return resolver._reverse_with_prefix(view, prefix, *args, **kwargs)
           ~~~~~~~~~~~~~~~~~~~~~~~~~~~~~^^^^^^^^^^^^^^^^^^^^^^^^^^^^^^^
  File "/Users/naoki/Desktop/PG/stock_analysis/venv/lib/python3.13/site-packages/django/urls/resolvers.py", line 828, in _reverse_with_prefix
    raise NoReverseMatch(msg)
django.urls.exceptions.NoReverseMatch: Reverse for 'notebook_detail' with arguments '(3,)' not found. 1 pattern(s) tried: ['notebooks/(?P<pk>[0-9a-f]{8}-[0-9a-f]{4}-[0-9a-f]{4}-[0-9a-f]{4}-[0-9a-f]{12})/\\Z']
"GET / HTTP/1.1" 500 218951
